Using pre-set license
Built from '2020.3/staging' branch; Version is '2020.3.0f1 (c7b5465681fb) revision 13088070'; Using compiler version '192528614'; Build Type 'Release'
OS: 'Windows 10 Pro; OS build 19042.928; Version 2009; 64bit' Language: 'en' Physical Memory: 32683 MB
BatchMode: 1, IsHumanControllingUs: 0, StartBugReporterOnCrash: 0, Is64bit: 1, IsPro: 0

 COMMAND LINE ARGUMENTS:
C:\Program Files\Unity\Hub\Editor\2020.3.0f1\Editor\Unity.exe
-adb2
-batchMode
-noUpm
-name
AssetImportWorker0
-projectPath
C:/Users/JacobBashista/Desktop/Game Projects/LDJAM48
-logFile
Logs/AssetImportWorker0.log
-srvPort
49300
Successfully changed project path to: C:/Users/JacobBashista/Desktop/Game Projects/LDJAM48
C:/Users/JacobBashista/Desktop/Game Projects/LDJAM48
Using Asset Import Pipeline V2.
Refreshing native plugins compatible for Editor in 43.41 ms, found 0 plugins.
Preloading 0 native plugins for Editor in 0.00 ms.
Initialize engine version: 2020.3.0f1 (c7b5465681fb)
[Subsystems] Discovering subsystems at path C:/Program Files/Unity/Hub/Editor/2020.3.0f1/Editor/Data/Resources/UnitySubsystems
[Subsystems] Discovering subsystems at path C:/Users/JacobBashista/Desktop/Game Projects/LDJAM48/Assets
GfxDevice: creating device client; threaded=0
Direct3D:
    Version:  Direct3D 11.0 [level 11.1]
    Renderer: NVIDIA GeForce RTX 2070 SUPER (ID=0x1e84)
    Vendor:   
    VRAM:     8011 MB
    Driver:   27.21.14.6589
Initialize mono
Mono path[0] = 'C:/Program Files/Unity/Hub/Editor/2020.3.0f1/Editor/Data/Managed'
Mono path[1] = 'C:/Program Files/Unity/Hub/Editor/2020.3.0f1/Editor/Data/MonoBleedingEdge/lib/mono/unityjit'
Mono config path = 'C:/Program Files/Unity/Hub/Editor/2020.3.0f1/Editor/Data/MonoBleedingEdge/etc'
Using monoOptions --debugger-agent=transport=dt_socket,embedding=1,server=y,suspend=n,address=127.0.0.1:56744
Begin MonoManager ReloadAssembly
Registering precompiled unity dll's ...
Register platform support module: C:/Program Files/Unity/Hub/Editor/2020.3.0f1/Editor/Data/PlaybackEngines/WindowsStandaloneSupport/UnityEditor.WindowsStandalone.Extensions.dll
Registered in 0.001771 seconds.
Native extension for WindowsStandalone target not found
Refreshing native plugins compatible for Editor in 39.65 ms, found 0 plugins.
Preloading 0 native plugins for Editor in 0.00 ms.
Invoked RoslynAnalysisRunner static constructor.
RoslynAnalysisRunner will not be running.
RoslynAnalysisRunner has terminated.
Mono: successfully reloaded assembly
- Completed reload, in  0.961 seconds
Platform modules already initialized, skipping
Registering precompiled user dll's ...
Registered in 0.001345 seconds.
Begin MonoManager ReloadAssembly
Native extension for WindowsStandalone target not found
Refreshing native plugins compatible for Editor in 39.34 ms, found 0 plugins.
Preloading 0 native plugins for Editor in 0.00 ms.
Invoked RoslynAnalysisRunner static constructor.
RoslynAnalysisRunner will not be running.
RoslynAnalysisRunner has terminated.
Mono: successfully reloaded assembly
- Completed reload, in  0.810 seconds
Platform modules already initialized, skipping
========================================================================
Worker process is ready to serve import requests
Shader 'Universal Render Pipeline/Particles/Lit': fallback shader 'Universal Render Pipeline/Particles/SimpleLit' not found
Shader 'Universal Render Pipeline/Particles/Lit': fallback shader 'Universal Render Pipeline/Particles/SimpleLit' not found
Launched and connected shader compiler UnityShaderCompiler.exe after 0.04 seconds
Refreshing native plugins compatible for Editor in 0.41 ms, found 0 plugins.
Preloading 0 native plugins for Editor in 0.00 ms.
Unloading 2443 Unused Serialized files (Serialized files now loaded: 0)
System memory in use before: 114.9 MB.
System memory in use after: 112.8 MB.

Unloading 45 unused Assets to reduce memory usage. Loaded Objects now: 2855.
Total: 3.060400 ms (FindLiveObjects: 0.317500 ms CreateObjectMapping: 0.064700 ms MarkObjects: 1.521700 ms  DeleteObjects: 1.155200 ms)

========================================================================
Received Import Request.
  path: Assets/Scripts/LoadAudioVolume.cs
  artifactKey: Guid(0c71d26c4f84e4a49ad07cbf7cff6713) Importer(815301076,1909f56bfc062723c751e8b465ee728b)
Start importing Assets/Scripts/LoadAudioVolume.cs using Guid(0c71d26c4f84e4a49ad07cbf7cff6713) Importer(815301076,1909f56bfc062723c751e8b465ee728b)  -> (artifact id: 'fd0a83fed72048e9309d43575e87a748') in 0.020410 seconds
  Import took 0.024148 seconds .

========================================================================
Received Prepare
Registering precompiled user dll's ...
Registered in 0.001197 seconds.
Begin MonoManager ReloadAssembly
Native extension for WindowsStandalone target not found
Refreshing native plugins compatible for Editor in 0.38 ms, found 0 plugins.
Preloading 0 native plugins for Editor in 0.00 ms.
Invoked RoslynAnalysisRunner static constructor.
RoslynAnalysisRunner will not be running.
RoslynAnalysisRunner has terminated.
Mono: successfully reloaded assembly
- Completed reload, in  0.706 seconds
Platform modules already initialized, skipping
Shader 'Universal Render Pipeline/Particles/Lit': fallback shader 'Universal Render Pipeline/Particles/SimpleLit' not found
Shader 'Universal Render Pipeline/Particles/Lit': fallback shader 'Universal Render Pipeline/Particles/SimpleLit' not found
Refreshing native plugins compatible for Editor in 0.39 ms, found 0 plugins.
Preloading 0 native plugins for Editor in 0.00 ms.
Unloading 2356 Unused Serialized files (Serialized files now loaded: 0)
System memory in use before: 110.9 MB.
System memory in use after: 108.7 MB.

Unloading 40 unused Assets to reduce memory usage. Loaded Objects now: 2858.
Total: 3.049300 ms (FindLiveObjects: 0.272600 ms CreateObjectMapping: 0.058700 ms MarkObjects: 1.660600 ms  DeleteObjects: 1.056200 ms)

========================================================================
Received Import Request.
  Time since last request: 67.427971 seconds.
  path: Assets/Scripts/LoadAudioVolume.cs
  artifactKey: Guid(0c71d26c4f84e4a49ad07cbf7cff6713) Importer(815301076,1909f56bfc062723c751e8b465ee728b)
Start importing Assets/Scripts/LoadAudioVolume.cs using Guid(0c71d26c4f84e4a49ad07cbf7cff6713) Importer(815301076,1909f56bfc062723c751e8b465ee728b)  -> (artifact id: '48ea0a91a29f79e9bbc9aa17a705cec1') in 0.004770 seconds
  Import took 0.008202 seconds .

========================================================================
Received Import Request.
  Time since last request: 2.410666 seconds.
  path: Assets/Scenes/FailScene.unity
  artifactKey: Guid(74732fc5a6196e84db2ea32a447925c9) Importer(815301076,1909f56bfc062723c751e8b465ee728b)
Start importing Assets/Scenes/FailScene.unity using Guid(74732fc5a6196e84db2ea32a447925c9) Importer(815301076,1909f56bfc062723c751e8b465ee728b)  -> (artifact id: '19b00f6f7b08233e7be71028b1ff7943') in 0.008126 seconds
  Import took 0.011408 seconds .

========================================================================
Received Import Request.
  Time since last request: 14.088665 seconds.
  path: Assets/Scenes/WinScene.unity
  artifactKey: Guid(bdf77e65b604552438efb8a34f204fd9) Importer(815301076,1909f56bfc062723c751e8b465ee728b)
Start importing Assets/Scenes/WinScene.unity using Guid(bdf77e65b604552438efb8a34f204fd9) Importer(815301076,1909f56bfc062723c751e8b465ee728b)  -> (artifact id: 'f4577cbc21e1c68bd5bf9c11efb1e972') in 0.006336 seconds
  Import took 0.009740 seconds .

========================================================================
Received Import Request.
  Time since last request: 8.157357 seconds.
  path: Assets/Scenes/MainMenu.unity
  artifactKey: Guid(e4ad7f6d6379cf04eb29137aba2c389c) Importer(815301076,1909f56bfc062723c751e8b465ee728b)
Start importing Assets/Scenes/MainMenu.unity using Guid(e4ad7f6d6379cf04eb29137aba2c389c) Importer(815301076,1909f56bfc062723c751e8b465ee728b)  -> (artifact id: 'fc6cee50bec684748cc9134afbd99de6') in 0.006014 seconds
  Import took 0.009472 seconds .

========================================================================
Received Import Request.
  Time since last request: 1.035189 seconds.
  path: Assets/Scenes/MainScene.unity
  artifactKey: Guid(2b8bc00532f5f024a9d81ccde1f1a113) Importer(815301076,1909f56bfc062723c751e8b465ee728b)
Start importing Assets/Scenes/MainScene.unity using Guid(2b8bc00532f5f024a9d81ccde1f1a113) Importer(815301076,1909f56bfc062723c751e8b465ee728b)  -> (artifact id: '6bb803479b724221098a26e206d7c7fc') in 0.006144 seconds
  Import took 0.009506 seconds .

========================================================================
Received Prepare
Registering precompiled user dll's ...
Registered in 0.001533 seconds.
Begin MonoManager ReloadAssembly
Native extension for WindowsStandalone target not found
Refreshing native plugins compatible for Editor in 0.39 ms, found 0 plugins.
Preloading 0 native plugins for Editor in 0.00 ms.
Invoked RoslynAnalysisRunner static constructor.
RoslynAnalysisRunner will not be running.
RoslynAnalysisRunner has terminated.
Mono: successfully reloaded assembly
- Completed reload, in  0.708 seconds
Platform modules already initialized, skipping
Shader 'Universal Render Pipeline/Particles/Lit': fallback shader 'Universal Render Pipeline/Particles/SimpleLit' not found
Shader 'Universal Render Pipeline/Particles/Lit': fallback shader 'Universal Render Pipeline/Particles/SimpleLit' not found
Refreshing native plugins compatible for Editor in 0.39 ms, found 0 plugins.
Preloading 0 native plugins for Editor in 0.00 ms.
Unloading 2356 Unused Serialized files (Serialized files now loaded: 0)
System memory in use before: 110.9 MB.
System memory in use after: 108.8 MB.

Unloading 40 unused Assets to reduce memory usage. Loaded Objects now: 2861.
Total: 2.890300 ms (FindLiveObjects: 0.250500 ms CreateObjectMapping: 0.060800 ms MarkObjects: 1.459500 ms  DeleteObjects: 1.118500 ms)

========================================================================
Received Prepare
Registering precompiled user dll's ...
Registered in 0.001211 seconds.
Begin MonoManager ReloadAssembly
Native extension for WindowsStandalone target not found
Refreshing native plugins compatible for Editor in 0.38 ms, found 0 plugins.
Preloading 0 native plugins for Editor in 0.00 ms.
Invoked RoslynAnalysisRunner static constructor.
RoslynAnalysisRunner will not be running.
RoslynAnalysisRunner has terminated.
Mono: successfully reloaded assembly
- Completed reload, in  0.721 seconds
Platform modules already initialized, skipping
Shader 'Universal Render Pipeline/Particles/Lit': fallback shader 'Universal Render Pipeline/Particles/SimpleLit' not found
Shader 'Universal Render Pipeline/Particles/Lit': fallback shader 'Universal Render Pipeline/Particles/SimpleLit' not found
Refreshing native plugins compatible for Editor in 0.48 ms, found 0 plugins.
Preloading 0 native plugins for Editor in 0.00 ms.
Unloading 2356 Unused Serialized files (Serialized files now loaded: 0)
System memory in use before: 111.0 MB.
System memory in use after: 108.8 MB.

Unloading 40 unused Assets to reduce memory usage. Loaded Objects now: 2864.
Total: 3.271500 ms (FindLiveObjects: 0.358100 ms CreateObjectMapping: 0.071500 ms MarkObjects: 1.453500 ms  DeleteObjects: 1.387100 ms)

========================================================================
Received Prepare
Registering precompiled user dll's ...
Registered in 0.001113 seconds.
Begin MonoManager ReloadAssembly
Native extension for WindowsStandalone target not found
Refreshing native plugins compatible for Editor in 0.41 ms, found 0 plugins.
Preloading 0 native plugins for Editor in 0.00 ms.
Invoked RoslynAnalysisRunner static constructor.
RoslynAnalysisRunner will not be running.
RoslynAnalysisRunner has terminated.
Mono: successfully reloaded assembly
- Completed reload, in  0.705 seconds
Platform modules already initialized, skipping
Shader 'Universal Render Pipeline/Particles/Lit': fallback shader 'Universal Render Pipeline/Particles/SimpleLit' not found
Shader 'Universal Render Pipeline/Particles/Lit': fallback shader 'Universal Render Pipeline/Particles/SimpleLit' not found
Refreshing native plugins compatible for Editor in 0.39 ms, found 0 plugins.
Preloading 0 native plugins for Editor in 0.00 ms.
Unloading 2356 Unused Serialized files (Serialized files now loaded: 0)
System memory in use before: 111.0 MB.
System memory in use after: 108.8 MB.

Unloading 40 unused Assets to reduce memory usage. Loaded Objects now: 2867.
Total: 3.180600 ms (FindLiveObjects: 0.223300 ms CreateObjectMapping: 0.067700 ms MarkObjects: 1.687700 ms  DeleteObjects: 1.200800 ms)

========================================================================
Received Import Request.
  Time since last request: 622.703814 seconds.
  path: Assets/Presets
  artifactKey: Guid(558255460b74ec04fa70b5570e9327bd) Importer(815301076,1909f56bfc062723c751e8b465ee728b)
Start importing Assets/Presets using Guid(558255460b74ec04fa70b5570e9327bd) Importer(815301076,1909f56bfc062723c751e8b465ee728b)  -> (artifact id: '81320b3cd8a1a3d750cca3b32b08e672') in 0.008622 seconds
  Import took 0.012462 seconds .

========================================================================
Received Import Request.
  Time since last request: 0.530227 seconds.
  path: Assets/Prefabs/Trashcan.prefab
  artifactKey: Guid(c77aa62db43ac8340bc784d9753b7729) Importer(815301076,1909f56bfc062723c751e8b465ee728b)
Start importing Assets/Prefabs/Trashcan.prefab using Guid(c77aa62db43ac8340bc784d9753b7729) Importer(815301076,1909f56bfc062723c751e8b465ee728b)  -> (artifact id: '3b7765dddfe5e0032f2f65965842ce36') in 0.168751 seconds
  Import took 0.172526 seconds .

========================================================================
Received Prepare
Registering precompiled user dll's ...
Registered in 0.001286 seconds.
Begin MonoManager ReloadAssembly
Native extension for WindowsStandalone target not found
Refreshing native plugins compatible for Editor in 0.45 ms, found 0 plugins.
Preloading 0 native plugins for Editor in 0.00 ms.
Invoked RoslynAnalysisRunner static constructor.
RoslynAnalysisRunner will not be running.
RoslynAnalysisRunner has terminated.
Mono: successfully reloaded assembly
- Completed reload, in  0.860 seconds
Platform modules already initialized, skipping
Shader 'Universal Render Pipeline/Particles/Lit': fallback shader 'Universal Render Pipeline/Particles/SimpleLit' not found
Shader 'Universal Render Pipeline/Particles/Lit': fallback shader 'Universal Render Pipeline/Particles/SimpleLit' not found
Refreshing native plugins compatible for Editor in 0.70 ms, found 0 plugins.
Preloading 0 native plugins for Editor in 0.00 ms.
Unloading 2356 Unused Serialized files (Serialized files now loaded: 0)
System memory in use before: 116.1 MB.
System memory in use after: 114.0 MB.

Unloading 40 unused Assets to reduce memory usage. Loaded Objects now: 2915.
Total: 3.542200 ms (FindLiveObjects: 0.341900 ms CreateObjectMapping: 0.064500 ms MarkObjects: 1.962800 ms  DeleteObjects: 1.171700 ms)

========================================================================
Received Import Request.
  Time since last request: 797.685837 seconds.
  path: Assets/Sprites/How to play Drain the Sea.png
  artifactKey: Guid(4f22bb6bf83ed914aa16975776540c5c) Importer(815301076,1909f56bfc062723c751e8b465ee728b)
Start importing Assets/Sprites/How to play Drain the Sea.png using Guid(4f22bb6bf83ed914aa16975776540c5c) Importer(815301076,1909f56bfc062723c751e8b465ee728b)  -> (artifact id: 'e02933a5fad880d055a0fb61b9c33db2') in 0.060874 seconds
  Import took 0.064868 seconds .

========================================================================
Received Import Request.
  Time since last request: 4.314056 seconds.
  path: Assets/Sprites/How to play Drain the Sea.png
  artifactKey: Guid(4f22bb6bf83ed914aa16975776540c5c) Importer(815301076,1909f56bfc062723c751e8b465ee728b)
Start importing Assets/Sprites/How to play Drain the Sea.png using Guid(4f22bb6bf83ed914aa16975776540c5c) Importer(815301076,1909f56bfc062723c751e8b465ee728b)  -> (artifact id: 'd3d35357d81bfd43000bc10f90a039d0') in 0.025367 seconds
  Import took 0.029202 seconds .

========================================================================
Received Import Request.
  Time since last request: 0.000578 seconds.
  path: Assets/Sprites/How to play Drain the Sea.png
  artifactKey: Guid(4f22bb6bf83ed914aa16975776540c5c) Importer(815301076,1909f56bfc062723c751e8b465ee728b)
Start importing Assets/Sprites/How to play Drain the Sea.png using Guid(4f22bb6bf83ed914aa16975776540c5c) Importer(815301076,1909f56bfc062723c751e8b465ee728b)  -> (artifact id: 'd3d35357d81bfd43000bc10f90a039d0') in 0.010836 seconds
  Import took 0.014398 seconds .

========================================================================
Received Import Request.
  Time since last request: 2.692210 seconds.
  path: Assets/Sprites/How to play Drain the Sea.png
  artifactKey: Guid(4f22bb6bf83ed914aa16975776540c5c) Importer(815301076,1909f56bfc062723c751e8b465ee728b)
Start importing Assets/Sprites/How to play Drain the Sea.png using Guid(4f22bb6bf83ed914aa16975776540c5c) Importer(815301076,1909f56bfc062723c751e8b465ee728b)  -> (artifact id: 'fa42a7a6a76fbf65106796e709bdc7b4') in 0.012774 seconds
  Import took 0.016295 seconds .

========================================================================
Received Import Request.
  Time since last request: 0.002209 seconds.
  path: Assets/Sprites/How to play Drain the Sea.png
  artifactKey: Guid(4f22bb6bf83ed914aa16975776540c5c) Importer(815301076,1909f56bfc062723c751e8b465ee728b)
Start importing Assets/Sprites/How to play Drain the Sea.png using Guid(4f22bb6bf83ed914aa16975776540c5c) Importer(815301076,1909f56bfc062723c751e8b465ee728b)  -> (artifact id: 'fa42a7a6a76fbf65106796e709bdc7b4') in 0.012487 seconds
  Import took 0.015979 seconds .

========================================================================
Received Prepare
Registering precompiled user dll's ...
Registered in 0.001183 seconds.
Begin MonoManager ReloadAssembly
Native extension for WindowsStandalone target not found
Refreshing native plugins compatible for Editor in 0.41 ms, found 0 plugins.
Preloading 0 native plugins for Editor in 0.00 ms.
Invoked RoslynAnalysisRunner static constructor.
RoslynAnalysisRunner will not be running.
RoslynAnalysisRunner has terminated.
Mono: successfully reloaded assembly
- Completed reload, in  0.761 seconds
Platform modules already initialized, skipping
Shader 'Universal Render Pipeline/Particles/Lit': fallback shader 'Universal Render Pipeline/Particles/SimpleLit' not found
Shader 'Universal Render Pipeline/Particles/Lit': fallback shader 'Universal Render Pipeline/Particles/SimpleLit' not found
Refreshing native plugins compatible for Editor in 0.45 ms, found 0 plugins.
Preloading 0 native plugins for Editor in 0.00 ms.
Unloading 2356 Unused Serialized files (Serialized files now loaded: 0)
System memory in use before: 116.3 MB.
System memory in use after: 114.1 MB.

Unloading 40 unused Assets to reduce memory usage. Loaded Objects now: 2923.
Total: 3.464400 ms (FindLiveObjects: 0.296300 ms CreateObjectMapping: 0.060200 ms MarkObjects: 1.917800 ms  DeleteObjects: 1.188900 ms)

========================================================================
Received Prepare
Registering precompiled user dll's ...
Registered in 0.001097 seconds.
Begin MonoManager ReloadAssembly
Native extension for WindowsStandalone target not found
Refreshing native plugins compatible for Editor in 0.40 ms, found 0 plugins.
Preloading 0 native plugins for Editor in 0.00 ms.
Invoked RoslynAnalysisRunner static constructor.
RoslynAnalysisRunner will not be running.
RoslynAnalysisRunner has terminated.
Mono: successfully reloaded assembly
- Completed reload, in  0.746 seconds
Platform modules already initialized, skipping
Shader 'Universal Render Pipeline/Particles/Lit': fallback shader 'Universal Render Pipeline/Particles/SimpleLit' not found
Shader 'Universal Render Pipeline/Particles/Lit': fallback shader 'Universal Render Pipeline/Particles/SimpleLit' not found
Refreshing native plugins compatible for Editor in 0.40 ms, found 0 plugins.
Preloading 0 native plugins for Editor in 0.00 ms.
Unloading 2356 Unused Serialized files (Serialized files now loaded: 0)
System memory in use before: 116.3 MB.
System memory in use after: 114.1 MB.

Unloading 40 unused Assets to reduce memory usage. Loaded Objects now: 2926.
Total: 3.220200 ms (FindLiveObjects: 0.277200 ms CreateObjectMapping: 0.062000 ms MarkObjects: 1.675600 ms  DeleteObjects: 1.203400 ms)

========================================================================
Received Prepare
Registering precompiled user dll's ...
Registered in 0.001164 seconds.
Begin MonoManager ReloadAssembly
Native extension for WindowsStandalone target not found
Refreshing native plugins compatible for Editor in 0.38 ms, found 0 plugins.
Preloading 0 native plugins for Editor in 0.00 ms.
Invoked RoslynAnalysisRunner static constructor.
RoslynAnalysisRunner will not be running.
RoslynAnalysisRunner has terminated.
Mono: successfully reloaded assembly
- Completed reload, in  0.738 seconds
Platform modules already initialized, skipping
Shader 'Universal Render Pipeline/Particles/Lit': fallback shader 'Universal Render Pipeline/Particles/SimpleLit' not found
Shader 'Universal Render Pipeline/Particles/Lit': fallback shader 'Universal Render Pipeline/Particles/SimpleLit' not found
Refreshing native plugins compatible for Editor in 0.45 ms, found 0 plugins.
Preloading 0 native plugins for Editor in 0.00 ms.
Unloading 2356 Unused Serialized files (Serialized files now loaded: 0)
System memory in use before: 116.2 MB.
System memory in use after: 114.1 MB.

Unloading 40 unused Assets to reduce memory usage. Loaded Objects now: 2929.
Total: 3.561100 ms (FindLiveObjects: 0.284000 ms CreateObjectMapping: 0.078000 ms MarkObjects: 1.844500 ms  DeleteObjects: 1.353400 ms)

========================================================================
Received Import Request.
  Time since last request: 249.710781 seconds.
  path: Assets/Sprites/Icon.png
  artifactKey: Guid(2b6c66cdc699e6e43a79f3d58be8a0d1) Importer(815301076,1909f56bfc062723c751e8b465ee728b)
Start importing Assets/Sprites/Icon.png using Guid(2b6c66cdc699e6e43a79f3d58be8a0d1) Importer(815301076,1909f56bfc062723c751e8b465ee728b)  -> (artifact id: '23033a1f0886365fb74ec56daa4bbf0b') in 0.035425 seconds
  Import took 0.039160 seconds .

========================================================================
Received Import Request.
  Time since last request: 5.349686 seconds.
  path: Assets/Sprites/Icon.png
  artifactKey: Guid(2b6c66cdc699e6e43a79f3d58be8a0d1) Importer(815301076,1909f56bfc062723c751e8b465ee728b)
Start importing Assets/Sprites/Icon.png using Guid(2b6c66cdc699e6e43a79f3d58be8a0d1) Importer(815301076,1909f56bfc062723c751e8b465ee728b)  -> (artifact id: '7c3bb149a38784c8e4729d901b3e354c') in 0.028166 seconds
  Import took 0.031787 seconds .

========================================================================
Received Import Request.
  Time since last request: 2.816079 seconds.
  path: Assets/Sprites/Icon.png
  artifactKey: Guid(2b6c66cdc699e6e43a79f3d58be8a0d1) Importer(815301076,1909f56bfc062723c751e8b465ee728b)
Start importing Assets/Sprites/Icon.png using Guid(2b6c66cdc699e6e43a79f3d58be8a0d1) Importer(815301076,1909f56bfc062723c751e8b465ee728b)  -> (artifact id: 'a852663c964ceec28ad9331cb1c89935') in 0.014502 seconds
  Import took 0.017985 seconds .

========================================================================
Received Prepare
Shader 'Universal Render Pipeline/Particles/Lit': fallback shader 'Universal Render Pipeline/Particles/SimpleLit' not found
Shader 'Universal Render Pipeline/Particles/Lit': fallback shader 'Universal Render Pipeline/Particles/SimpleLit' not found
Refreshing native plugins compatible for Editor in 1.11 ms, found 0 plugins.
Preloading 0 native plugins for Editor in 0.00 ms.
Unloading 38 Unused Serialized files (Serialized files now loaded: 0)
System memory in use before: 70.6 MB.
System memory in use after: 68.5 MB.

Unloading 38 unused Assets to reduce memory usage. Loaded Objects now: 2933.
Total: 3.496500 ms (FindLiveObjects: 0.374200 ms CreateObjectMapping: 0.075700 ms MarkObjects: 1.804500 ms  DeleteObjects: 1.241000 ms)

========================================================================
Received Prepare
Shader 'Universal Render Pipeline/Particles/Lit': fallback shader 'Universal Render Pipeline/Particles/SimpleLit' not found
Shader 'Universal Render Pipeline/Particles/Lit': fallback shader 'Universal Render Pipeline/Particles/SimpleLit' not found
Refreshing native plugins compatible for Editor in 1.01 ms, found 0 plugins.
Preloading 0 native plugins for Editor in 0.00 ms.
Unloading 38 Unused Serialized files (Serialized files now loaded: 0)
System memory in use before: 70.7 MB.
System memory in use after: 68.5 MB.

Unloading 38 unused Assets to reduce memory usage. Loaded Objects now: 2933.
Total: 4.206400 ms (FindLiveObjects: 0.444200 ms CreateObjectMapping: 0.081300 ms MarkObjects: 2.372600 ms  DeleteObjects: 1.307000 ms)

========================================================================
Received Prepare
Registering precompiled user dll's ...
Registered in 0.001517 seconds.
Begin MonoManager ReloadAssembly
Native extension for WindowsStandalone target not found
Refreshing native plugins compatible for Editor in 0.73 ms, found 0 plugins.
Preloading 0 native plugins for Editor in 0.00 ms.
Invoked RoslynAnalysisRunner static constructor.
RoslynAnalysisRunner will not be running.
RoslynAnalysisRunner has terminated.
Mono: successfully reloaded assembly
- Completed reload, in  0.855 seconds
Platform modules already initialized, skipping
Shader 'Universal Render Pipeline/Particles/Lit': fallback shader 'Universal Render Pipeline/Particles/SimpleLit' not found
Shader 'Universal Render Pipeline/Particles/Lit': fallback shader 'Universal Render Pipeline/Particles/SimpleLit' not found
Refreshing native plugins compatible for Editor in 0.45 ms, found 0 plugins.
Preloading 0 native plugins for Editor in 0.00 ms.
Unloading 2356 Unused Serialized files (Serialized files now loaded: 0)
System memory in use before: 116.3 MB.
System memory in use after: 114.1 MB.

Unloading 40 unused Assets to reduce memory usage. Loaded Objects now: 2936.
Total: 4.842300 ms (FindLiveObjects: 0.470700 ms CreateObjectMapping: 0.081900 ms MarkObjects: 2.407900 ms  DeleteObjects: 1.880300 ms)

